Using pre-set license
Built from '2021.3/staging' branch; Version is '2021.3.2f1 (d6360bedb9a0) revision 14038539'; Using compiler version '192829333'; Build Type 'Release'
OS: 'Windows 10  (10.0.19043) 64bit Core' Language: 'en' Physical Memory: 16293 MB
BatchMode: 1, IsHumanControllingUs: 0, StartBugReporterOnCrash: 0, Is64bit: 1, IsPro: 1

COMMAND LINE ARGUMENTS:
C:\Program Files\Unity\Hub\Editor\2021.3.2f1\Editor\Unity.exe
-adb2
-batchMode
-noUpm
-name
AssetImportWorker1
-projectPath
C:/Users/migue/HA2_clone/Heli-Attack-2-Clone
-logFile
Logs/AssetImportWorker1.log
-srvPort
59339
Successfully changed project path to: C:/Users/migue/HA2_clone/Heli-Attack-2-Clone
C:/Users/migue/HA2_clone/Heli-Attack-2-Clone
[UnityMemory] Configuration Parameters - Can be set up in boot.config
    "memorysetup-bucket-allocator-granularity=16"
    "memorysetup-bucket-allocator-bucket-count=8"
    "memorysetup-bucket-allocator-block-size=33554432"
    "memorysetup-bucket-allocator-block-count=8"
    "memorysetup-main-allocator-block-size=16777216"
    "memorysetup-thread-allocator-block-size=16777216"
    "memorysetup-gfx-main-allocator-block-size=16777216"
    "memorysetup-gfx-thread-allocator-block-size=16777216"
    "memorysetup-cache-allocator-block-size=4194304"
    "memorysetup-typetree-allocator-block-size=2097152"
    "memorysetup-profiler-bucket-allocator-granularity=16"
    "memorysetup-profiler-bucket-allocator-bucket-count=8"
    "memorysetup-profiler-bucket-allocator-block-size=33554432"
    "memorysetup-profiler-bucket-allocator-block-count=8"
    "memorysetup-profiler-allocator-block-size=16777216"
    "memorysetup-profiler-editor-allocator-block-size=1048576"
    "memorysetup-temp-allocator-size-main=16777216"
    "memorysetup-job-temp-allocator-block-size=2097152"
    "memorysetup-job-temp-allocator-block-size-background=1048576"
    "memorysetup-job-temp-allocator-reduction-small-platforms=262144"
    "memorysetup-temp-allocator-size-background-worker=32768"
    "memorysetup-temp-allocator-size-job-worker=262144"
    "memorysetup-temp-allocator-size-preload-manager=33554432"
    "memorysetup-temp-allocator-size-nav-mesh-worker=65536"
    "memorysetup-temp-allocator-size-audio-worker=65536"
    "memorysetup-temp-allocator-size-cloud-worker=32768"
    "memorysetup-temp-allocator-size-gi-baking-worker=262144"
    "memorysetup-temp-allocator-size-gfx=262144"
Refreshing native plugins compatible for Editor in 102.02 ms, found 4 plugins.
Preloading 0 native plugins for Editor in 0.00 ms.
Initialize engine version: 2021.3.2f1 (d6360bedb9a0)
[Subsystems] Discovering subsystems at path C:/Program Files/Unity/Hub/Editor/2021.3.2f1/Editor/Data/Resources/UnitySubsystems
[Subsystems] Discovering subsystems at path C:/Users/migue/HA2_clone/Heli-Attack-2-Clone/Assets
GfxDevice: creating device client; threaded=0; jobified=0
Direct3D:
    Version:  Direct3D 11.0 [level 11.1]
    Renderer: NVIDIA GeForce GTX 1660 SUPER (ID=0x21c4)
    Vendor:   NVIDIA
    VRAM:     5991 MB
    Driver:   30.0.14.9649
Initialize mono
Mono path[0] = 'C:/Program Files/Unity/Hub/Editor/2021.3.2f1/Editor/Data/Managed'
Mono path[1] = 'C:/Program Files/Unity/Hub/Editor/2021.3.2f1/Editor/Data/MonoBleedingEdge/lib/mono/unityjit-win32'
Mono config path = 'C:/Program Files/Unity/Hub/Editor/2021.3.2f1/Editor/Data/MonoBleedingEdge/etc'
Using monoOptions --debugger-agent=transport=dt_socket,embedding=1,server=y,suspend=n,address=127.0.0.1:56736
Begin MonoManager ReloadAssembly
Registering precompiled unity dll's ...
Register platform support module: C:/Program Files/Unity/Hub/Editor/2021.3.2f1/Editor/Data/PlaybackEngines/WebGLSupport/UnityEditor.WebGL.Extensions.dll
Register platform support module: C:/Program Files/Unity/Hub/Editor/2021.3.2f1/Editor/Data/PlaybackEngines/WindowsStandaloneSupport/UnityEditor.WindowsStandalone.Extensions.dll
Registered in 0.010949 seconds.
Native extension for WindowsStandalone target not found
Native extension for WebGL target not found
Refreshing native plugins compatible for Editor in 96.57 ms, found 4 plugins.
Preloading 0 native plugins for Editor in 0.00 ms.
Mono: successfully reloaded assembly
- Completed reload, in  0.701 seconds
Domain Reload Profiling:
	ReloadAssembly (702ms)
		BeginReloadAssembly (78ms)
			ExecutionOrderSort (0ms)
			DisableScriptedObjects (0ms)
			BackupInstance (0ms)
			ReleaseScriptingObjects (0ms)
			CreateAndSetChildDomain (1ms)
		EndReloadAssembly (494ms)
			LoadAssemblies (76ms)
			RebuildTransferFunctionScriptingTraits (0ms)
			SetupTypeCache (109ms)
			ReleaseScriptCaches (0ms)
			RebuildScriptCaches (28ms)
			SetupLoadedEditorAssemblies (302ms)
				LogAssemblyErrors (0ms)
				InitializePlatformSupportModulesInManaged (10ms)
				SetLoadedEditorAssemblies (0ms)
				RefreshPlugins (97ms)
				BeforeProcessingInitializeOnLoad (1ms)
				ProcessInitializeOnLoadAttributes (144ms)
				ProcessInitializeOnLoadMethodAttributes (50ms)
				AfterProcessingInitializeOnLoad (0ms)
				EditorAssembliesLoaded (0ms)
			ExecutionOrderSort2 (0ms)
			AwakeInstancesAfterBackupRestoration (0ms)
Platform modules already initialized, skipping
Registering precompiled user dll's ...
Registered in 0.009972 seconds.
Begin MonoManager ReloadAssembly
Symbol file LoadedFromMemory doesn't match image C:\Users\migue\HA2_clone\Heli-Attack-2-Clone\Library\PackageCache\com.unity.visualscripting@1.7.6\Editor\VisualScripting.Core\Dependencies\YamlDotNet\Unity.VisualScripting.YamlDotNet.dll
Symbol file LoadedFromMemory doesn't match image C:\Users\migue\HA2_clone\Heli-Attack-2-Clone\Library\PackageCache\com.unity.visualscripting@1.7.6\Editor\VisualScripting.Core\Dependencies\DotNetZip\Unity.VisualScripting.IonicZip.dll
Native extension for WindowsStandalone target not found
Native extension for WebGL target not found
Refreshing native plugins compatible for Editor in 109.38 ms, found 4 plugins.
Preloading 0 native plugins for Editor in 0.00 ms.
Mono: successfully reloaded assembly
- Completed reload, in  1.248 seconds
Domain Reload Profiling:
	ReloadAssembly (1249ms)
		BeginReloadAssembly (110ms)
			ExecutionOrderSort (0ms)
			DisableScriptedObjects (6ms)
			BackupInstance (0ms)
			ReleaseScriptingObjects (0ms)
			CreateAndSetChildDomain (18ms)
		EndReloadAssembly (1016ms)
			LoadAssemblies (90ms)
			RebuildTransferFunctionScriptingTraits (0ms)
			SetupTypeCache (252ms)
			ReleaseScriptCaches (1ms)
			RebuildScriptCaches (61ms)
			SetupLoadedEditorAssemblies (557ms)
				LogAssemblyErrors (0ms)
				InitializePlatformSupportModulesInManaged (7ms)
				SetLoadedEditorAssemblies (0ms)
				RefreshPlugins (109ms)
				BeforeProcessingInitializeOnLoad (121ms)
				ProcessInitializeOnLoadAttributes (268ms)
				ProcessInitializeOnLoadMethodAttributes (41ms)
				AfterProcessingInitializeOnLoad (10ms)
				EditorAssembliesLoaded (0ms)
			ExecutionOrderSort2 (0ms)
			AwakeInstancesAfterBackupRestoration (6ms)
Platform modules already initialized, skipping
========================================================================
Worker process is ready to serve import requests
Launched and connected shader compiler UnityShaderCompiler.exe after 0.10 seconds
Refreshing native plugins compatible for Editor in 0.68 ms, found 4 plugins.
Preloading 0 native plugins for Editor in 0.00 ms.
Unloading 4215 Unused Serialized files (Serialized files now loaded: 0)
Unloading 57 unused Assets / (296.7 KB). Loaded Objects now: 4681.
Memory consumption went from 169.0 MB to 168.7 MB.
Total: 3.050800 ms (FindLiveObjects: 0.307800 ms CreateObjectMapping: 0.226400 ms MarkObjects: 2.363800 ms  DeleteObjects: 0.152100 ms)

AssetImportParameters requested are different than current active one (requested -> active):
  custom:video-decoder-ogg-theora: a1e56fd34408186e4bbccfd4996cb3dc -> 
  custom:container-muxer-webm: aa71ff27fc2769a1b78a27578f13a17b -> 
  custom:container-demuxer-webm: 4f35f7cbe854078d1ac9338744f61a02 -> 
  custom:video-encoder-webm-vp8: eb34c28f22e8b96e1ab97ce403110664 -> 
  custom:video-codec-MediaFoundation-h265: 746d11721c4dcdbdad8f713fa42b33f4 -> 
  custom:audio-encoder-webm-vorbis: bf7c407c2cedff20999df2af8eb42d56 -> 
  custom:framework-win-MediaFoundation: 216162199b28c13a410421893ffa2e32 -> 
  custom:container-demuxer-ogg: 62fdf1f143b41e24485cea50d1cbac27 -> 
  custom:video-decoder-webm-vp8: 9c59270c3fd7afecdb556c50c9e8de78 -> 
  custom:audio-decoder-ogg-vorbis: bf7c407c2cedff20999df2af8eb42d56 -> 
========================================================================
Received Import Request.
  Time since last request: 272734.198958 seconds.
  path: Assets/Prefabs/Rifle.prefab
  artifactKey: Guid(bbfa8272c1a99ae4f9c190ed24f507a9) Importer(815301076,1909f56bfc062723c751e8b465ee728b)
Start importing Assets/Prefabs/Rifle.prefab using Guid(bbfa8272c1a99ae4f9c190ed24f507a9) Importer(815301076,1909f56bfc062723c751e8b465ee728b)  -> (artifact id: '9934789d4810baf453dddd2e8773f8e3') in 0.108559 seconds 
========================================================================
Received Import Request.
  Time since last request: 8.058289 seconds.
  path: Assets/Prefabs/Rifle.prefab
  artifactKey: Guid(bbfa8272c1a99ae4f9c190ed24f507a9) Importer(815301076,1909f56bfc062723c751e8b465ee728b)
Start importing Assets/Prefabs/Rifle.prefab using Guid(bbfa8272c1a99ae4f9c190ed24f507a9) Importer(815301076,1909f56bfc062723c751e8b465ee728b)  -> (artifact id: 'fe39a39d196be34d412edaf8cf5c7f43') in 0.014999 seconds 
========================================================================
Received Import Request.
  Time since last request: 30.310496 seconds.
  path: Assets/Prefabs/Rifle.prefab
  artifactKey: Guid(bbfa8272c1a99ae4f9c190ed24f507a9) Importer(815301076,1909f56bfc062723c751e8b465ee728b)
Start importing Assets/Prefabs/Rifle.prefab using Guid(bbfa8272c1a99ae4f9c190ed24f507a9) Importer(815301076,1909f56bfc062723c751e8b465ee728b)  -> (artifact id: 'ac81b062478d65edf178aac94df8d5c7') in 0.013938 seconds 
========================================================================
Received Prepare
Registering precompiled user dll's ...
Registered in 0.011199 seconds.
Begin MonoManager ReloadAssembly
Symbol file LoadedFromMemory doesn't match image C:\Users\migue\HA2_clone\Heli-Attack-2-Clone\Library\PackageCache\com.unity.visualscripting@1.7.6\Editor\VisualScripting.Core\Dependencies\YamlDotNet\Unity.VisualScripting.YamlDotNet.dll
Symbol file LoadedFromMemory doesn't match image C:\Users\migue\HA2_clone\Heli-Attack-2-Clone\Library\PackageCache\com.unity.visualscripting@1.7.6\Editor\VisualScripting.Core\Dependencies\DotNetZip\Unity.VisualScripting.IonicZip.dll
Native extension for WindowsStandalone target not found
Native extension for WebGL target not found
Refreshing native plugins compatible for Editor in 0.68 ms, found 4 plugins.
Preloading 0 native plugins for Editor in 0.00 ms.
Mono: successfully reloaded assembly
- Completed reload, in  1.091 seconds
Domain Reload Profiling:
	ReloadAssembly (1091ms)
		BeginReloadAssembly (133ms)
			ExecutionOrderSort (0ms)
			DisableScriptedObjects (6ms)
			BackupInstance (0ms)
			ReleaseScriptingObjects (0ms)
			CreateAndSetChildDomain (37ms)
		EndReloadAssembly (853ms)
			LoadAssemblies (92ms)
			RebuildTransferFunctionScriptingTraits (0ms)
			SetupTypeCache (250ms)
			ReleaseScriptCaches (1ms)
			RebuildScriptCaches (48ms)
			SetupLoadedEditorAssemblies (413ms)
				LogAssemblyErrors (0ms)
				InitializePlatformSupportModulesInManaged (14ms)
				SetLoadedEditorAssemblies (1ms)
				RefreshPlugins (1ms)
				BeforeProcessingInitializeOnLoad (91ms)
				ProcessInitializeOnLoadAttributes (254ms)
				ProcessInitializeOnLoadMethodAttributes (42ms)
				AfterProcessingInitializeOnLoad (11ms)
				EditorAssembliesLoaded (0ms)
			ExecutionOrderSort2 (0ms)
			AwakeInstancesAfterBackupRestoration (9ms)
Platform modules already initialized, skipping
Refreshing native plugins compatible for Editor in 2.68 ms, found 4 plugins.
Preloading 0 native plugins for Editor in 0.00 ms.
Unloading 4210 Unused Serialized files (Serialized files now loaded: 0)
Unloading 32 unused Assets / (264.0 KB). Loaded Objects now: 4702.
Memory consumption went from 173.2 MB to 172.9 MB.
Total: 3.192600 ms (FindLiveObjects: 0.269600 ms CreateObjectMapping: 0.189100 ms MarkObjects: 2.597900 ms  DeleteObjects: 0.135000 ms)

AssetImportParameters requested are different than current active one (requested -> active):
  custom:video-decoder-ogg-theora: a1e56fd34408186e4bbccfd4996cb3dc -> 
  custom:container-muxer-webm: aa71ff27fc2769a1b78a27578f13a17b -> 
  custom:container-demuxer-webm: 4f35f7cbe854078d1ac9338744f61a02 -> 
  custom:video-encoder-webm-vp8: eb34c28f22e8b96e1ab97ce403110664 -> 
  custom:video-codec-MediaFoundation-h265: 746d11721c4dcdbdad8f713fa42b33f4 -> 
  custom:audio-encoder-webm-vorbis: bf7c407c2cedff20999df2af8eb42d56 -> 
  custom:framework-win-MediaFoundation: 216162199b28c13a410421893ffa2e32 -> 
  custom:container-demuxer-ogg: 62fdf1f143b41e24485cea50d1cbac27 -> 
  custom:video-decoder-webm-vp8: 9c59270c3fd7afecdb556c50c9e8de78 -> 
  custom:audio-decoder-ogg-vorbis: bf7c407c2cedff20999df2af8eb42d56 -> 
========================================================================
Received Prepare
Registering precompiled user dll's ...
Registered in 0.008956 seconds.
Begin MonoManager ReloadAssembly
Symbol file LoadedFromMemory doesn't match image C:\Users\migue\HA2_clone\Heli-Attack-2-Clone\Library\PackageCache\com.unity.visualscripting@1.7.6\Editor\VisualScripting.Core\Dependencies\YamlDotNet\Unity.VisualScripting.YamlDotNet.dll
Symbol file LoadedFromMemory doesn't match image C:\Users\migue\HA2_clone\Heli-Attack-2-Clone\Library\PackageCache\com.unity.visualscripting@1.7.6\Editor\VisualScripting.Core\Dependencies\DotNetZip\Unity.VisualScripting.IonicZip.dll
Native extension for WindowsStandalone target not found
Native extension for WebGL target not found
Refreshing native plugins compatible for Editor in 0.67 ms, found 4 plugins.
Preloading 0 native plugins for Editor in 0.00 ms.
Mono: successfully reloaded assembly
- Completed reload, in  1.112 seconds
Domain Reload Profiling:
	ReloadAssembly (1113ms)
		BeginReloadAssembly (133ms)
			ExecutionOrderSort (0ms)
			DisableScriptedObjects (6ms)
			BackupInstance (0ms)
			ReleaseScriptingObjects (0ms)
			CreateAndSetChildDomain (34ms)
		EndReloadAssembly (874ms)
			LoadAssemblies (94ms)
			RebuildTransferFunctionScriptingTraits (0ms)
			SetupTypeCache (246ms)
			ReleaseScriptCaches (1ms)
			RebuildScriptCaches (50ms)
			SetupLoadedEditorAssemblies (431ms)
				LogAssemblyErrors (0ms)
				InitializePlatformSupportModulesInManaged (16ms)
				SetLoadedEditorAssemblies (0ms)
				RefreshPlugins (1ms)
				BeforeProcessingInitializeOnLoad (88ms)
				ProcessInitializeOnLoadAttributes (270ms)
				ProcessInitializeOnLoadMethodAttributes (42ms)
				AfterProcessingInitializeOnLoad (12ms)
				EditorAssembliesLoaded (0ms)
			ExecutionOrderSort2 (0ms)
			AwakeInstancesAfterBackupRestoration (9ms)
Platform modules already initialized, skipping
Refreshing native plugins compatible for Editor in 3.02 ms, found 4 plugins.
Preloading 0 native plugins for Editor in 0.00 ms.
Unloading 4210 Unused Serialized files (Serialized files now loaded: 0)
Unloading 32 unused Assets / (263.5 KB). Loaded Objects now: 4717.
Memory consumption went from 173.2 MB to 172.9 MB.
Total: 3.143000 ms (FindLiveObjects: 0.271500 ms CreateObjectMapping: 0.175300 ms MarkObjects: 2.534600 ms  DeleteObjects: 0.160500 ms)

AssetImportParameters requested are different than current active one (requested -> active):
  custom:video-decoder-ogg-theora: a1e56fd34408186e4bbccfd4996cb3dc -> 
  custom:container-muxer-webm: aa71ff27fc2769a1b78a27578f13a17b -> 
  custom:container-demuxer-webm: 4f35f7cbe854078d1ac9338744f61a02 -> 
  custom:video-encoder-webm-vp8: eb34c28f22e8b96e1ab97ce403110664 -> 
  custom:video-codec-MediaFoundation-h265: 746d11721c4dcdbdad8f713fa42b33f4 -> 
  custom:audio-encoder-webm-vorbis: bf7c407c2cedff20999df2af8eb42d56 -> 
  custom:framework-win-MediaFoundation: 216162199b28c13a410421893ffa2e32 -> 
  custom:container-demuxer-ogg: 62fdf1f143b41e24485cea50d1cbac27 -> 
  custom:video-decoder-webm-vp8: 9c59270c3fd7afecdb556c50c9e8de78 -> 
  custom:audio-decoder-ogg-vorbis: bf7c407c2cedff20999df2af8eb42d56 -> 
========================================================================
Received Import Request.
  Time since last request: 213.882826 seconds.
  path: Assets/Prefabs/RocketLauncher.prefab
  artifactKey: Guid(59e48b708c1cef748bd63c2825ccf08a) Importer(815301076,1909f56bfc062723c751e8b465ee728b)
Start importing Assets/Prefabs/RocketLauncher.prefab using Guid(59e48b708c1cef748bd63c2825ccf08a) Importer(815301076,1909f56bfc062723c751e8b465ee728b)  -> (artifact id: '9605cb00adfa157609d7a741a84cbcd0') in 0.066770 seconds 
========================================================================
Received Import Request.
  Time since last request: 0.000018 seconds.
  path: Assets/Prefabs/Projectile.prefab
  artifactKey: Guid(4965d607913209248a64dff351753ff2) Importer(815301076,1909f56bfc062723c751e8b465ee728b)
Start importing Assets/Prefabs/Projectile.prefab using Guid(4965d607913209248a64dff351753ff2) Importer(815301076,1909f56bfc062723c751e8b465ee728b)  -> (artifact id: '55b04f4c7469ec57f4fce54b611327dd') in 0.015542 seconds 
========================================================================
Received Import Request.
  Time since last request: 3.938085 seconds.
  path: Assets/Prefabs/RocketLauncher.prefab
  artifactKey: Guid(59e48b708c1cef748bd63c2825ccf08a) Importer(815301076,1909f56bfc062723c751e8b465ee728b)
Start importing Assets/Prefabs/RocketLauncher.prefab using Guid(59e48b708c1cef748bd63c2825ccf08a) Importer(815301076,1909f56bfc062723c751e8b465ee728b)  -> (artifact id: 'f4b61a4b0c306a7209389fee134406bc') in 0.013209 seconds 
========================================================================
Received Import Request.
  Time since last request: 0.000016 seconds.
  path: Assets/Prefabs/Projectile.prefab
  artifactKey: Guid(4965d607913209248a64dff351753ff2) Importer(815301076,1909f56bfc062723c751e8b465ee728b)
Start importing Assets/Prefabs/Projectile.prefab using Guid(4965d607913209248a64dff351753ff2) Importer(815301076,1909f56bfc062723c751e8b465ee728b)  -> (artifact id: '4593b7acc74ea213bc52320114219e08') in 0.010120 seconds 
========================================================================
Received Import Request.
  Time since last request: 47.722415 seconds.
  path: Assets/Prefabs/RocketLauncher.prefab
  artifactKey: Guid(59e48b708c1cef748bd63c2825ccf08a) Importer(815301076,1909f56bfc062723c751e8b465ee728b)
Start importing Assets/Prefabs/RocketLauncher.prefab using Guid(59e48b708c1cef748bd63c2825ccf08a) Importer(815301076,1909f56bfc062723c751e8b465ee728b)  -> (artifact id: '57255c15f5bfec3cb65fa0878202958f') in 0.014461 seconds 
========================================================================
Received Import Request.
  Time since last request: 9.180325 seconds.
  path: Assets/Prefabs/RifleProjectile.prefab
  artifactKey: Guid(57f549212852abd4d9be4f7c8f877d81) Importer(815301076,1909f56bfc062723c751e8b465ee728b)
Start importing Assets/Prefabs/RifleProjectile.prefab using Guid(57f549212852abd4d9be4f7c8f877d81) Importer(815301076,1909f56bfc062723c751e8b465ee728b)  -> (artifact id: '91f46871b5a7f853087ce18dfc162a0d') in 0.009448 seconds 
========================================================================
Received Import Request.
  Time since last request: 13.437617 seconds.
  path: Assets/Prefabs/Rifle.prefab
  artifactKey: Guid(bbfa8272c1a99ae4f9c190ed24f507a9) Importer(815301076,1909f56bfc062723c751e8b465ee728b)
Start importing Assets/Prefabs/Rifle.prefab using Guid(bbfa8272c1a99ae4f9c190ed24f507a9) Importer(815301076,1909f56bfc062723c751e8b465ee728b)  -> (artifact id: '63593bef1603c41349aed13d5117d841') in 0.010718 seconds 
========================================================================
Received Prepare
Registering precompiled user dll's ...
Registered in 0.008964 seconds.
Begin MonoManager ReloadAssembly
Symbol file LoadedFromMemory doesn't match image C:\Users\migue\HA2_clone\Heli-Attack-2-Clone\Library\PackageCache\com.unity.visualscripting@1.7.6\Editor\VisualScripting.Core\Dependencies\YamlDotNet\Unity.VisualScripting.YamlDotNet.dll
Symbol file LoadedFromMemory doesn't match image C:\Users\migue\HA2_clone\Heli-Attack-2-Clone\Library\PackageCache\com.unity.visualscripting@1.7.6\Editor\VisualScripting.Core\Dependencies\DotNetZip\Unity.VisualScripting.IonicZip.dll
Native extension for WindowsStandalone target not found
Native extension for WebGL target not found
Refreshing native plugins compatible for Editor in 0.67 ms, found 4 plugins.
Preloading 0 native plugins for Editor in 0.00 ms.
Mono: successfully reloaded assembly
- Completed reload, in  1.112 seconds
Domain Reload Profiling:
	ReloadAssembly (1113ms)
		BeginReloadAssembly (134ms)
			ExecutionOrderSort (0ms)
			DisableScriptedObjects (6ms)
			BackupInstance (0ms)
			ReleaseScriptingObjects (0ms)
			CreateAndSetChildDomain (35ms)
		EndReloadAssembly (874ms)
			LoadAssemblies (97ms)
			RebuildTransferFunctionScriptingTraits (0ms)
			SetupTypeCache (252ms)
			ReleaseScriptCaches (1ms)
			RebuildScriptCaches (51ms)
			SetupLoadedEditorAssemblies (422ms)
				LogAssemblyErrors (0ms)
				InitializePlatformSupportModulesInManaged (15ms)
				SetLoadedEditorAssemblies (0ms)
				RefreshPlugins (1ms)
				BeforeProcessingInitializeOnLoad (92ms)
				ProcessInitializeOnLoadAttributes (261ms)
				ProcessInitializeOnLoadMethodAttributes (41ms)
				AfterProcessingInitializeOnLoad (11ms)
				EditorAssembliesLoaded (0ms)
			ExecutionOrderSort2 (0ms)
			AwakeInstancesAfterBackupRestoration (10ms)
Platform modules already initialized, skipping
Refreshing native plugins compatible for Editor in 2.99 ms, found 4 plugins.
Preloading 0 native plugins for Editor in 0.00 ms.
Unloading 4210 Unused Serialized files (Serialized files now loaded: 0)
Unloading 32 unused Assets / (263.8 KB). Loaded Objects now: 4732.
Memory consumption went from 173.3 MB to 173.0 MB.
Total: 2.935000 ms (FindLiveObjects: 0.274900 ms CreateObjectMapping: 0.221700 ms MarkObjects: 2.300400 ms  DeleteObjects: 0.137300 ms)

AssetImportParameters requested are different than current active one (requested -> active):
  custom:video-decoder-ogg-theora: a1e56fd34408186e4bbccfd4996cb3dc -> 
  custom:container-muxer-webm: aa71ff27fc2769a1b78a27578f13a17b -> 
  custom:container-demuxer-webm: 4f35f7cbe854078d1ac9338744f61a02 -> 
  custom:video-encoder-webm-vp8: eb34c28f22e8b96e1ab97ce403110664 -> 
  custom:video-codec-MediaFoundation-h265: 746d11721c4dcdbdad8f713fa42b33f4 -> 
  custom:audio-encoder-webm-vorbis: bf7c407c2cedff20999df2af8eb42d56 -> 
  custom:framework-win-MediaFoundation: 216162199b28c13a410421893ffa2e32 -> 
  custom:container-demuxer-ogg: 62fdf1f143b41e24485cea50d1cbac27 -> 
  custom:video-decoder-webm-vp8: 9c59270c3fd7afecdb556c50c9e8de78 -> 
  custom:audio-decoder-ogg-vorbis: bf7c407c2cedff20999df2af8eb42d56 -> 
========================================================================
Received Import Request.
  Time since last request: 118.464862 seconds.
  path: Assets/Prefabs/RocketLauncherProjectile.prefab
  artifactKey: Guid(7620ee5fa414f124da9126715053990c) Importer(815301076,1909f56bfc062723c751e8b465ee728b)
Start importing Assets/Prefabs/RocketLauncherProjectile.prefab using Guid(7620ee5fa414f124da9126715053990c) Importer(815301076,1909f56bfc062723c751e8b465ee728b)  -> (artifact id: '0aded049f0f4982fa1b16acd807cb514') in 0.068658 seconds 
========================================================================
Received Import Request.
  Time since last request: 0.247568 seconds.
  path: Assets/Prefabs/RocketLauncherCrate.prefab
  artifactKey: Guid(d43604c4e3467994a84ba0cf8da3b035) Importer(815301076,1909f56bfc062723c751e8b465ee728b)
Start importing Assets/Prefabs/RocketLauncherCrate.prefab using Guid(d43604c4e3467994a84ba0cf8da3b035) Importer(815301076,1909f56bfc062723c751e8b465ee728b)  -> (artifact id: 'e3b7691611820578180b4e18409d7ff7') in 0.014911 seconds 
========================================================================
Received Import Request.
  Time since last request: 59.442119 seconds.
  path: Assets/Prefabs/RocketLauncher.prefab
  artifactKey: Guid(59e48b708c1cef748bd63c2825ccf08a) Importer(815301076,1909f56bfc062723c751e8b465ee728b)
Start importing Assets/Prefabs/RocketLauncher.prefab using Guid(59e48b708c1cef748bd63c2825ccf08a) Importer(815301076,1909f56bfc062723c751e8b465ee728b)  -> (artifact id: 'e988fc39c085cd31c3f65f8301cd15cc') in 0.012622 seconds 
========================================================================
Received Import Request.
  Time since last request: 0.520217 seconds.
  path: Assets/Prefabs/RifleProjectile.prefab
  artifactKey: Guid(57f549212852abd4d9be4f7c8f877d81) Importer(815301076,1909f56bfc062723c751e8b465ee728b)
Start importing Assets/Prefabs/RifleProjectile.prefab using Guid(57f549212852abd4d9be4f7c8f877d81) Importer(815301076,1909f56bfc062723c751e8b465ee728b)  -> (artifact id: '81b5fc0a8fa2311d771ec4619e7bcc5c') in 0.008340 seconds 
========================================================================
Received Import Request.
  Time since last request: 0.928710 seconds.
  path: Assets/Prefabs/RocketLauncherCrate.prefab
  artifactKey: Guid(d43604c4e3467994a84ba0cf8da3b035) Importer(815301076,1909f56bfc062723c751e8b465ee728b)
Start importing Assets/Prefabs/RocketLauncherCrate.prefab using Guid(d43604c4e3467994a84ba0cf8da3b035) Importer(815301076,1909f56bfc062723c751e8b465ee728b)  -> (artifact id: 'c5d71e59081b339a5a9b7ccd226c6b1b') in 0.013036 seconds 
========================================================================
Received Import Request.
  Time since last request: 6.347896 seconds.
  path: Assets/Prefabs/RocketLauncherProjectile.prefab
  artifactKey: Guid(7620ee5fa414f124da9126715053990c) Importer(815301076,1909f56bfc062723c751e8b465ee728b)
Start importing Assets/Prefabs/RocketLauncherProjectile.prefab using Guid(7620ee5fa414f124da9126715053990c) Importer(815301076,1909f56bfc062723c751e8b465ee728b)  -> (artifact id: 'c02ea0dbcd5827c03eba7b0e38c27443') in 0.012890 seconds 
========================================================================
Received Import Request.
  Time since last request: 10.139868 seconds.
  path: Assets/Prefabs/Projectile.prefab
  artifactKey: Guid(4965d607913209248a64dff351753ff2) Importer(815301076,1909f56bfc062723c751e8b465ee728b)
Start importing Assets/Prefabs/Projectile.prefab using Guid(4965d607913209248a64dff351753ff2) Importer(815301076,1909f56bfc062723c751e8b465ee728b)  -> (artifact id: 'bddf3355ca755c1dc1d3e27e02d4753f') in 0.009533 seconds 
========================================================================
Received Import Request.
  Time since last request: 1.725267 seconds.
  path: Assets/Prefabs/Projectile.prefab
  artifactKey: Guid(4965d607913209248a64dff351753ff2) Importer(815301076,1909f56bfc062723c751e8b465ee728b)
Start importing Assets/Prefabs/Projectile.prefab using Guid(4965d607913209248a64dff351753ff2) Importer(815301076,1909f56bfc062723c751e8b465ee728b)  -> (artifact id: 'a668b6e4d0eb6f667b216344eadd6eaa') in 0.013446 seconds 
========================================================================
Received Import Request.
  Time since last request: 5.130693 seconds.
  path: Assets/Prefabs/RifleProjectile.prefab
  artifactKey: Guid(57f549212852abd4d9be4f7c8f877d81) Importer(815301076,1909f56bfc062723c751e8b465ee728b)
Start importing Assets/Prefabs/RifleProjectile.prefab using Guid(57f549212852abd4d9be4f7c8f877d81) Importer(815301076,1909f56bfc062723c751e8b465ee728b)  -> (artifact id: '0c7d94917d0b16c9af30383cea30e15f') in 0.009278 seconds 
========================================================================
Received Prepare
Registering precompiled user dll's ...
Registered in 0.009648 seconds.
Begin MonoManager ReloadAssembly
Symbol file LoadedFromMemory doesn't match image C:\Users\migue\HA2_clone\Heli-Attack-2-Clone\Library\PackageCache\com.unity.visualscripting@1.7.6\Editor\VisualScripting.Core\Dependencies\YamlDotNet\Unity.VisualScripting.YamlDotNet.dll
Symbol file LoadedFromMemory doesn't match image C:\Users\migue\HA2_clone\Heli-Attack-2-Clone\Library\PackageCache\com.unity.visualscripting@1.7.6\Editor\VisualScripting.Core\Dependencies\DotNetZip\Unity.VisualScripting.IonicZip.dll
Native extension for WindowsStandalone target not found
Native extension for WebGL target not found
Refreshing native plugins compatible for Editor in 0.68 ms, found 4 plugins.
Preloading 0 native plugins for Editor in 0.00 ms.
Mono: successfully reloaded assembly
- Completed reload, in  1.115 seconds
Domain Reload Profiling:
	ReloadAssembly (1116ms)
		BeginReloadAssembly (132ms)
			ExecutionOrderSort (0ms)
			DisableScriptedObjects (6ms)
			BackupInstance (0ms)
			ReleaseScriptingObjects (0ms)
			CreateAndSetChildDomain (34ms)
		EndReloadAssembly (877ms)
			LoadAssemblies (92ms)
			RebuildTransferFunctionScriptingTraits (0ms)
			SetupTypeCache (243ms)
			ReleaseScriptCaches (1ms)
			RebuildScriptCaches (54ms)
			SetupLoadedEditorAssemblies (432ms)
				LogAssemblyErrors (0ms)
				InitializePlatformSupportModulesInManaged (18ms)
				SetLoadedEditorAssemblies (1ms)
				RefreshPlugins (1ms)
				BeforeProcessingInitializeOnLoad (94ms)
				ProcessInitializeOnLoadAttributes (266ms)
				ProcessInitializeOnLoadMethodAttributes (41ms)
				AfterProcessingInitializeOnLoad (11ms)
				EditorAssembliesLoaded (0ms)
			ExecutionOrderSort2 (0ms)
			AwakeInstancesAfterBackupRestoration (9ms)
Platform modules already initialized, skipping
Refreshing native plugins compatible for Editor in 3.23 ms, found 4 plugins.
Preloading 0 native plugins for Editor in 0.00 ms.
Unloading 4210 Unused Serialized files (Serialized files now loaded: 0)
Unloading 34 unused Assets / (265.8 KB). Loaded Objects now: 4747.
Memory consumption went from 173.3 MB to 173.1 MB.
Total: 3.368100 ms (FindLiveObjects: 0.258400 ms CreateObjectMapping: 0.223700 ms MarkObjects: 2.678900 ms  DeleteObjects: 0.205700 ms)

AssetImportParameters requested are different than current active one (requested -> active):
  custom:video-decoder-ogg-theora: a1e56fd34408186e4bbccfd4996cb3dc -> 
  custom:container-muxer-webm: aa71ff27fc2769a1b78a27578f13a17b -> 
  custom:container-demuxer-webm: 4f35f7cbe854078d1ac9338744f61a02 -> 
  custom:video-encoder-webm-vp8: eb34c28f22e8b96e1ab97ce403110664 -> 
  custom:video-codec-MediaFoundation-h265: 746d11721c4dcdbdad8f713fa42b33f4 -> 
  custom:audio-encoder-webm-vorbis: bf7c407c2cedff20999df2af8eb42d56 -> 
  custom:framework-win-MediaFoundation: 216162199b28c13a410421893ffa2e32 -> 
  custom:container-demuxer-ogg: 62fdf1f143b41e24485cea50d1cbac27 -> 
  custom:video-decoder-webm-vp8: 9c59270c3fd7afecdb556c50c9e8de78 -> 
  custom:audio-decoder-ogg-vorbis: bf7c407c2cedff20999df2af8eb42d56 -> 
========================================================================
Received Import Request.
  Time since last request: 50.757379 seconds.
  path: Assets/Prefabs/Gun.prefab
  artifactKey: Guid(f7256efd5ab44584da0e4e2aa1f8af0f) Importer(815301076,1909f56bfc062723c751e8b465ee728b)
Start importing Assets/Prefabs/Gun.prefab using Guid(f7256efd5ab44584da0e4e2aa1f8af0f) Importer(815301076,1909f56bfc062723c751e8b465ee728b)  -> (artifact id: 'c14802cbea56c88a8aac0d05058414a3') in 0.063239 seconds 
========================================================================
Received Import Request.
  Time since last request: 27.365057 seconds.
  path: Assets/Prefabs/old 3.prefab
  artifactKey: Guid(2f1bffca3a04a8c4db4c934a57803c88) Importer(815301076,1909f56bfc062723c751e8b465ee728b)
Start importing Assets/Prefabs/old 3.prefab using Guid(2f1bffca3a04a8c4db4c934a57803c88) Importer(815301076,1909f56bfc062723c751e8b465ee728b)  -> (artifact id: '97d3fe110bc293d70dc7e791c20ea932') in 0.013418 seconds 
========================================================================
Received Import Request.
  Time since last request: 4.385497 seconds.
  path: Assets/Prefabs/old 2.prefab
  artifactKey: Guid(17dbd36486999df49b199b33ffeb6372) Importer(815301076,1909f56bfc062723c751e8b465ee728b)
Start importing Assets/Prefabs/old 2.prefab using Guid(17dbd36486999df49b199b33ffeb6372) Importer(815301076,1909f56bfc062723c751e8b465ee728b)  -> (artifact id: 'ecd0027f259d57cdbe7dd2bbbcefc5fb') in 0.009947 seconds 
========================================================================
Received Import Request.
  Time since last request: 68.554770 seconds.
  path: Assets/Prefabs/Rifle.prefab
  artifactKey: Guid(bbfa8272c1a99ae4f9c190ed24f507a9) Importer(815301076,1909f56bfc062723c751e8b465ee728b)
Start importing Assets/Prefabs/Rifle.prefab using Guid(bbfa8272c1a99ae4f9c190ed24f507a9) Importer(815301076,1909f56bfc062723c751e8b465ee728b)  -> (artifact id: '6f246f0d91d935f5439f9d126cc25b4c') in 0.011718 seconds 
========================================================================
Received Import Request.
  Time since last request: 3.330384 seconds.
  path: Assets/Prefabs/RocketLauncher.prefab
  artifactKey: Guid(59e48b708c1cef748bd63c2825ccf08a) Importer(815301076,1909f56bfc062723c751e8b465ee728b)
Start importing Assets/Prefabs/RocketLauncher.prefab using Guid(59e48b708c1cef748bd63c2825ccf08a) Importer(815301076,1909f56bfc062723c751e8b465ee728b)  -> (artifact id: 'cdadfce8871e1c600e9c43cf56613839') in 0.011213 seconds 
========================================================================
Received Import Request.
  Time since last request: 7.909062 seconds.
  path: Assets/Prefabs/Rifle.prefab
  artifactKey: Guid(bbfa8272c1a99ae4f9c190ed24f507a9) Importer(815301076,1909f56bfc062723c751e8b465ee728b)
Start importing Assets/Prefabs/Rifle.prefab using Guid(bbfa8272c1a99ae4f9c190ed24f507a9) Importer(815301076,1909f56bfc062723c751e8b465ee728b)  -> (artifact id: 'e8ba955de1fcba5339303d7cb3b81ebc') in 0.015646 seconds 
========================================================================
Received Prepare
Registering precompiled user dll's ...
Registered in 0.009705 seconds.
Begin MonoManager ReloadAssembly
Symbol file LoadedFromMemory doesn't match image C:\Users\migue\HA2_clone\Heli-Attack-2-Clone\Library\PackageCache\com.unity.visualscripting@1.7.6\Editor\VisualScripting.Core\Dependencies\YamlDotNet\Unity.VisualScripting.YamlDotNet.dll
Symbol file LoadedFromMemory doesn't match image C:\Users\migue\HA2_clone\Heli-Attack-2-Clone\Library\PackageCache\com.unity.visualscripting@1.7.6\Editor\VisualScripting.Core\Dependencies\DotNetZip\Unity.VisualScripting.IonicZip.dll
Native extension for WindowsStandalone target not found
Native extension for WebGL target not found
Refreshing native plugins compatible for Editor in 0.71 ms, found 4 plugins.
Preloading 0 native plugins for Editor in 0.00 ms.
Mono: successfully reloaded assembly
- Completed reload, in  1.236 seconds
Domain Reload Profiling:
	ReloadAssembly (1236ms)
		BeginReloadAssembly (134ms)
			ExecutionOrderSort (0ms)
			DisableScriptedObjects (6ms)
			BackupInstance (0ms)
			ReleaseScriptingObjects (0ms)
			CreateAndSetChildDomain (36ms)
		EndReloadAssembly (994ms)
			LoadAssemblies (96ms)
			RebuildTransferFunctionScriptingTraits (0ms)
			SetupTypeCache (300ms)
			ReleaseScriptCaches (2ms)
			RebuildScriptCaches (73ms)
			SetupLoadedEditorAssemblies (457ms)
				LogAssemblyErrors (0ms)
				InitializePlatformSupportModulesInManaged (18ms)
				SetLoadedEditorAssemblies (0ms)
				RefreshPlugins (1ms)
				BeforeProcessingInitializeOnLoad (101ms)
				ProcessInitializeOnLoadAttributes (281ms)
				ProcessInitializeOnLoadMethodAttributes (45ms)
				AfterProcessingInitializeOnLoad (12ms)
				EditorAssembliesLoaded (0ms)
			ExecutionOrderSort2 (0ms)
			AwakeInstancesAfterBackupRestoration (11ms)
Platform modules already initialized, skipping
Refreshing native plugins compatible for Editor in 3.15 ms, found 4 plugins.
Preloading 0 native plugins for Editor in 0.00 ms.
Unloading 4210 Unused Serialized files (Serialized files now loaded: 0)
Unloading 32 unused Assets / (264.0 KB). Loaded Objects now: 4762.
Memory consumption went from 173.3 MB to 173.1 MB.
Total: 4.091100 ms (FindLiveObjects: 0.286500 ms CreateObjectMapping: 0.229100 ms MarkObjects: 3.406600 ms  DeleteObjects: 0.167700 ms)

AssetImportParameters requested are different than current active one (requested -> active):
  custom:video-decoder-ogg-theora: a1e56fd34408186e4bbccfd4996cb3dc -> 
  custom:container-muxer-webm: aa71ff27fc2769a1b78a27578f13a17b -> 
  custom:container-demuxer-webm: 4f35f7cbe854078d1ac9338744f61a02 -> 
  custom:video-encoder-webm-vp8: eb34c28f22e8b96e1ab97ce403110664 -> 
  custom:video-codec-MediaFoundation-h265: 746d11721c4dcdbdad8f713fa42b33f4 -> 
  custom:audio-encoder-webm-vorbis: bf7c407c2cedff20999df2af8eb42d56 -> 
  custom:framework-win-MediaFoundation: 216162199b28c13a410421893ffa2e32 -> 
  custom:container-demuxer-ogg: 62fdf1f143b41e24485cea50d1cbac27 -> 
  custom:video-decoder-webm-vp8: 9c59270c3fd7afecdb556c50c9e8de78 -> 
  custom:audio-decoder-ogg-vorbis: bf7c407c2cedff20999df2af8eb42d56 -> 
========================================================================
Received Import Request.
  Time since last request: 36.068561 seconds.
  path: Assets/Prefabs/Crate.prefab
  artifactKey: Guid(aac2053769ccd4b449cc54d234398a02) Importer(815301076,1909f56bfc062723c751e8b465ee728b)
Start importing Assets/Prefabs/Crate.prefab using Guid(aac2053769ccd4b449cc54d234398a02) Importer(815301076,1909f56bfc062723c751e8b465ee728b)  -> (artifact id: 'da05658b11a1e51c31551862bc2d93c7') in 0.060021 seconds 
========================================================================
Received Prepare
Registering precompiled user dll's ...
Registered in 0.008868 seconds.
Begin MonoManager ReloadAssembly
Symbol file LoadedFromMemory doesn't match image C:\Users\migue\HA2_clone\Heli-Attack-2-Clone\Library\PackageCache\com.unity.visualscripting@1.7.6\Editor\VisualScripting.Core\Dependencies\YamlDotNet\Unity.VisualScripting.YamlDotNet.dll
Symbol file LoadedFromMemory doesn't match image C:\Users\migue\HA2_clone\Heli-Attack-2-Clone\Library\PackageCache\com.unity.visualscripting@1.7.6\Editor\VisualScripting.Core\Dependencies\DotNetZip\Unity.VisualScripting.IonicZip.dll
Native extension for WindowsStandalone target not found
Native extension for WebGL target not found
Refreshing native plugins compatible for Editor in 0.81 ms, found 4 plugins.
Preloading 0 native plugins for Editor in 0.00 ms.
Mono: successfully reloaded assembly
- Completed reload, in  1.385 seconds
Domain Reload Profiling:
	ReloadAssembly (1386ms)
		BeginReloadAssembly (133ms)
			ExecutionOrderSort (0ms)
			DisableScriptedObjects (6ms)
			BackupInstance (0ms)
			ReleaseScriptingObjects (0ms)
			CreateAndSetChildDomain (34ms)
		EndReloadAssembly (1145ms)
			LoadAssemblies (96ms)
			RebuildTransferFunctionScriptingTraits (0ms)
			SetupTypeCache (274ms)
			ReleaseScriptCaches (1ms)
			RebuildScriptCaches (59ms)
			SetupLoadedEditorAssemblies (651ms)
				LogAssemblyErrors (0ms)
				InitializePlatformSupportModulesInManaged (17ms)
				SetLoadedEditorAssemblies (1ms)
				RefreshPlugins (1ms)
				BeforeProcessingInitializeOnLoad (113ms)
				ProcessInitializeOnLoadAttributes (449ms)
				ProcessInitializeOnLoadMethodAttributes (58ms)
				AfterProcessingInitializeOnLoad (12ms)
				EditorAssembliesLoaded (0ms)
			ExecutionOrderSort2 (0ms)
			AwakeInstancesAfterBackupRestoration (12ms)
Platform modules already initialized, skipping
Refreshing native plugins compatible for Editor in 3.36 ms, found 4 plugins.
Preloading 0 native plugins for Editor in 0.00 ms.
Unloading 4210 Unused Serialized files (Serialized files now loaded: 0)
Unloading 34 unused Assets / (265.9 KB). Loaded Objects now: 4777.
Memory consumption went from 173.4 MB to 173.1 MB.
Total: 3.928200 ms (FindLiveObjects: 0.273000 ms CreateObjectMapping: 0.312300 ms MarkObjects: 3.123700 ms  DeleteObjects: 0.218100 ms)

AssetImportParameters requested are different than current active one (requested -> active):
  custom:video-decoder-ogg-theora: a1e56fd34408186e4bbccfd4996cb3dc -> 
  custom:container-muxer-webm: aa71ff27fc2769a1b78a27578f13a17b -> 
  custom:container-demuxer-webm: 4f35f7cbe854078d1ac9338744f61a02 -> 
  custom:video-encoder-webm-vp8: eb34c28f22e8b96e1ab97ce403110664 -> 
  custom:video-codec-MediaFoundation-h265: 746d11721c4dcdbdad8f713fa42b33f4 -> 
  custom:audio-encoder-webm-vorbis: bf7c407c2cedff20999df2af8eb42d56 -> 
  custom:framework-win-MediaFoundation: 216162199b28c13a410421893ffa2e32 -> 
  custom:container-demuxer-ogg: 62fdf1f143b41e24485cea50d1cbac27 -> 
  custom:video-decoder-webm-vp8: 9c59270c3fd7afecdb556c50c9e8de78 -> 
  custom:audio-decoder-ogg-vorbis: bf7c407c2cedff20999df2af8eb42d56 -> 
========================================================================
Received Import Request.
  Time since last request: 18.649838 seconds.
  path: Assets/Prefabs/RocketLauncherCrate.prefab
  artifactKey: Guid(d43604c4e3467994a84ba0cf8da3b035) Importer(815301076,1909f56bfc062723c751e8b465ee728b)
Start importing Assets/Prefabs/RocketLauncherCrate.prefab using Guid(d43604c4e3467994a84ba0cf8da3b035) Importer(815301076,1909f56bfc062723c751e8b465ee728b)  -> (artifact id: '4d98c364e7ccec94cc302acf28974112') in 0.060348 seconds 
========================================================================
Received Prepare
Registering precompiled user dll's ...
Registered in 0.009170 seconds.
Begin MonoManager ReloadAssembly
Symbol file LoadedFromMemory doesn't match image C:\Users\migue\HA2_clone\Heli-Attack-2-Clone\Library\PackageCache\com.unity.visualscripting@1.7.6\Editor\VisualScripting.Core\Dependencies\YamlDotNet\Unity.VisualScripting.YamlDotNet.dll
Symbol file LoadedFromMemory doesn't match image C:\Users\migue\HA2_clone\Heli-Attack-2-Clone\Library\PackageCache\com.unity.visualscripting@1.7.6\Editor\VisualScripting.Core\Dependencies\DotNetZip\Unity.VisualScripting.IonicZip.dll
Native extension for WindowsStandalone target not found
Native extension for WebGL target not found
Refreshing native plugins compatible for Editor in 0.74 ms, found 4 plugins.
Preloading 0 native plugins for Editor in 0.00 ms.
Mono: successfully reloaded assembly
- Completed reload, in  1.119 seconds
Domain Reload Profiling:
	ReloadAssembly (1120ms)
		BeginReloadAssembly (133ms)
			ExecutionOrderSort (0ms)
			DisableScriptedObjects (6ms)
			BackupInstance (0ms)
			ReleaseScriptingObjects (0ms)
			CreateAndSetChildDomain (33ms)
		EndReloadAssembly (879ms)
			LoadAssemblies (94ms)
			RebuildTransferFunctionScriptingTraits (0ms)
			SetupTypeCache (247ms)
			ReleaseScriptCaches (1ms)
			RebuildScriptCaches (52ms)
			SetupLoadedEditorAssemblies (424ms)
				LogAssemblyErrors (0ms)
				InitializePlatformSupportModulesInManaged (17ms)
				SetLoadedEditorAssemblies (1ms)
				RefreshPlugins (1ms)
				BeforeProcessingInitializeOnLoad (91ms)
				ProcessInitializeOnLoadAttributes (259ms)
				ProcessInitializeOnLoadMethodAttributes (45ms)
				AfterProcessingInitializeOnLoad (10ms)
				EditorAssembliesLoaded (0ms)
			ExecutionOrderSort2 (0ms)
			AwakeInstancesAfterBackupRestoration (11ms)
Platform modules already initialized, skipping
Refreshing native plugins compatible for Editor in 2.90 ms, found 4 plugins.
Preloading 0 native plugins for Editor in 0.00 ms.
Unloading 4210 Unused Serialized files (Serialized files now loaded: 0)
Unloading 34 unused Assets / (264.8 KB). Loaded Objects now: 4792.
Memory consumption went from 173.4 MB to 173.1 MB.
Total: 3.937000 ms (FindLiveObjects: 0.264900 ms CreateObjectMapping: 0.239900 ms MarkObjects: 3.171100 ms  DeleteObjects: 0.260100 ms)

AssetImportParameters requested are different than current active one (requested -> active):
  custom:video-decoder-ogg-theora: a1e56fd34408186e4bbccfd4996cb3dc -> 
  custom:container-muxer-webm: aa71ff27fc2769a1b78a27578f13a17b -> 
  custom:container-demuxer-webm: 4f35f7cbe854078d1ac9338744f61a02 -> 
  custom:video-encoder-webm-vp8: eb34c28f22e8b96e1ab97ce403110664 -> 
  custom:video-codec-MediaFoundation-h265: 746d11721c4dcdbdad8f713fa42b33f4 -> 
  custom:audio-encoder-webm-vorbis: bf7c407c2cedff20999df2af8eb42d56 -> 
  custom:framework-win-MediaFoundation: 216162199b28c13a410421893ffa2e32 -> 
  custom:container-demuxer-ogg: 62fdf1f143b41e24485cea50d1cbac27 -> 
  custom:video-decoder-webm-vp8: 9c59270c3fd7afecdb556c50c9e8de78 -> 
  custom:audio-decoder-ogg-vorbis: bf7c407c2cedff20999df2af8eb42d56 -> 
========================================================================
Received Prepare
Registering precompiled user dll's ...
Registered in 0.009627 seconds.
Begin MonoManager ReloadAssembly
Symbol file LoadedFromMemory doesn't match image C:\Users\migue\HA2_clone\Heli-Attack-2-Clone\Library\PackageCache\com.unity.visualscripting@1.7.6\Editor\VisualScripting.Core\Dependencies\YamlDotNet\Unity.VisualScripting.YamlDotNet.dll
Symbol file LoadedFromMemory doesn't match image C:\Users\migue\HA2_clone\Heli-Attack-2-Clone\Library\PackageCache\com.unity.visualscripting@1.7.6\Editor\VisualScripting.Core\Dependencies\DotNetZip\Unity.VisualScripting.IonicZip.dll
Native extension for WindowsStandalone target not found
Native extension for WebGL target not found
Refreshing native plugins compatible for Editor in 0.90 ms, found 4 plugins.
Preloading 0 native plugins for Editor in 0.00 ms.
Mono: successfully reloaded assembly
- Completed reload, in  1.147 seconds
Domain Reload Profiling:
	ReloadAssembly (1148ms)
		BeginReloadAssembly (138ms)
			ExecutionOrderSort (0ms)
			DisableScriptedObjects (8ms)
			BackupInstance (0ms)
			ReleaseScriptingObjects (0ms)
			CreateAndSetChildDomain (34ms)
		EndReloadAssembly (905ms)
			LoadAssemblies (97ms)
			RebuildTransferFunctionScriptingTraits (0ms)
			SetupTypeCache (247ms)
			ReleaseScriptCaches (1ms)
			RebuildScriptCaches (51ms)
			SetupLoadedEditorAssemblies (446ms)
				LogAssemblyErrors (0ms)
				InitializePlatformSupportModulesInManaged (15ms)
				SetLoadedEditorAssemblies (1ms)
				RefreshPlugins (1ms)
				BeforeProcessingInitializeOnLoad (93ms)
				ProcessInitializeOnLoadAttributes (275ms)
				ProcessInitializeOnLoadMethodAttributes (48ms)
				AfterProcessingInitializeOnLoad (13ms)
				EditorAssembliesLoaded (0ms)
			ExecutionOrderSort2 (0ms)
			AwakeInstancesAfterBackupRestoration (14ms)
Platform modules already initialized, skipping
Refreshing native plugins compatible for Editor in 6.04 ms, found 4 plugins.
Preloading 0 native plugins for Editor in 0.00 ms.
Unloading 4210 Unused Serialized files (Serialized files now loaded: 0)
Unloading 32 unused Assets / (265.0 KB). Loaded Objects now: 4807.
Memory consumption went from 173.4 MB to 173.1 MB.
Total: 3.950300 ms (FindLiveObjects: 0.262400 ms CreateObjectMapping: 0.206600 ms MarkObjects: 3.257300 ms  DeleteObjects: 0.222800 ms)

AssetImportParameters requested are different than current active one (requested -> active):
  custom:video-decoder-ogg-theora: a1e56fd34408186e4bbccfd4996cb3dc -> 
  custom:container-muxer-webm: aa71ff27fc2769a1b78a27578f13a17b -> 
  custom:container-demuxer-webm: 4f35f7cbe854078d1ac9338744f61a02 -> 
  custom:video-encoder-webm-vp8: eb34c28f22e8b96e1ab97ce403110664 -> 
  custom:video-codec-MediaFoundation-h265: 746d11721c4dcdbdad8f713fa42b33f4 -> 
  custom:audio-encoder-webm-vorbis: bf7c407c2cedff20999df2af8eb42d56 -> 
  custom:framework-win-MediaFoundation: 216162199b28c13a410421893ffa2e32 -> 
  custom:container-demuxer-ogg: 62fdf1f143b41e24485cea50d1cbac27 -> 
  custom:video-decoder-webm-vp8: 9c59270c3fd7afecdb556c50c9e8de78 -> 
  custom:audio-decoder-ogg-vorbis: bf7c407c2cedff20999df2af8eb42d56 -> 
========================================================================
Received Import Request.
  Time since last request: 52.480722 seconds.
  path: Assets/Prefabs/RocketLauncherProjectile.prefab
  artifactKey: Guid(7620ee5fa414f124da9126715053990c) Importer(815301076,1909f56bfc062723c751e8b465ee728b)
Start importing Assets/Prefabs/RocketLauncherProjectile.prefab using Guid(7620ee5fa414f124da9126715053990c) Importer(815301076,1909f56bfc062723c751e8b465ee728b)  -> (artifact id: '58af840beb16e3ac3c01d5f9525d726b') in 0.056331 seconds 
========================================================================
Received Import Request.
  Time since last request: 3.012878 seconds.
  path: Assets/Prefabs/RocketLauncherProjectile.prefab
  artifactKey: Guid(7620ee5fa414f124da9126715053990c) Importer(815301076,1909f56bfc062723c751e8b465ee728b)
Start importing Assets/Prefabs/RocketLauncherProjectile.prefab using Guid(7620ee5fa414f124da9126715053990c) Importer(815301076,1909f56bfc062723c751e8b465ee728b)  -> (artifact id: '1a09f1281e1d188f0f9454b033d0cf53') in 0.013776 seconds 
========================================================================
Received Import Request.
  Time since last request: 4.745430 seconds.
  path: Assets/Prefabs/RocketLauncherProjectile.prefab
  artifactKey: Guid(7620ee5fa414f124da9126715053990c) Importer(815301076,1909f56bfc062723c751e8b465ee728b)
Start importing Assets/Prefabs/RocketLauncherProjectile.prefab using Guid(7620ee5fa414f124da9126715053990c) Importer(815301076,1909f56bfc062723c751e8b465ee728b)  -> (artifact id: 'f82f57291eb55ee4d9087acb9129ecf5') in 0.014207 seconds 
========================================================================
Received Import Request.
  Time since last request: 18.008419 seconds.
  path: Assets/Prefabs/RocketLauncher.prefab
  artifactKey: Guid(59e48b708c1cef748bd63c2825ccf08a) Importer(815301076,1909f56bfc062723c751e8b465ee728b)
Start importing Assets/Prefabs/RocketLauncher.prefab using Guid(59e48b708c1cef748bd63c2825ccf08a) Importer(815301076,1909f56bfc062723c751e8b465ee728b)  -> (artifact id: '225411736774680b682519a8053b3ad4') in 0.014326 seconds 
========================================================================
Received Import Request.
  Time since last request: 19.812468 seconds.
  path: Assets/Sprites/rocketLauncherBullet.png
  artifactKey: Guid(12d42b68a28c0aa41bc5ef389cb8a5c0) Importer(815301076,1909f56bfc062723c751e8b465ee728b)
Start importing Assets/Sprites/rocketLauncherBullet.png using Guid(12d42b68a28c0aa41bc5ef389cb8a5c0) Importer(815301076,1909f56bfc062723c751e8b465ee728b)  -> (artifact id: '8b271f449a4843bf0f5c72b403bc8353') in 0.047720 seconds 
========================================================================
Received Import Request.
  Time since last request: 80.655121 seconds.
  path: Assets/Sprites/rocketLauncherBullet.png
  artifactKey: Guid(12d42b68a28c0aa41bc5ef389cb8a5c0) Importer(815301076,1909f56bfc062723c751e8b465ee728b)
Start importing Assets/Sprites/rocketLauncherBullet.png using Guid(12d42b68a28c0aa41bc5ef389cb8a5c0) Importer(815301076,1909f56bfc062723c751e8b465ee728b)  -> (artifact id: '001dd4878680361735e3306ba4f5a53f') in 0.017252 seconds 
========================================================================
Received Prepare
Registering precompiled user dll's ...
Registered in 0.008966 seconds.
Begin MonoManager ReloadAssembly
Symbol file LoadedFromMemory doesn't match image C:\Users\migue\HA2_clone\Heli-Attack-2-Clone\Library\PackageCache\com.unity.visualscripting@1.7.6\Editor\VisualScripting.Core\Dependencies\YamlDotNet\Unity.VisualScripting.YamlDotNet.dll
Symbol file LoadedFromMemory doesn't match image C:\Users\migue\HA2_clone\Heli-Attack-2-Clone\Library\PackageCache\com.unity.visualscripting@1.7.6\Editor\VisualScripting.Core\Dependencies\DotNetZip\Unity.VisualScripting.IonicZip.dll
Native extension for WindowsStandalone target not found
Native extension for WebGL target not found
Refreshing native plugins compatible for Editor in 0.68 ms, found 4 plugins.
Preloading 0 native plugins for Editor in 0.00 ms.
Mono: successfully reloaded assembly
- Completed reload, in  1.145 seconds
Domain Reload Profiling:
	ReloadAssembly (1146ms)
		BeginReloadAssembly (134ms)
			ExecutionOrderSort (0ms)
			DisableScriptedObjects (7ms)
			BackupInstance (0ms)
			ReleaseScriptingObjects (0ms)
			CreateAndSetChildDomain (34ms)
		EndReloadAssembly (906ms)
			LoadAssemblies (95ms)
			RebuildTransferFunctionScriptingTraits (0ms)
			SetupTypeCache (243ms)
			ReleaseScriptCaches (1ms)
			RebuildScriptCaches (53ms)
			SetupLoadedEditorAssemblies (456ms)
				LogAssemblyErrors (0ms)
				InitializePlatformSupportModulesInManaged (17ms)
				SetLoadedEditorAssemblies (1ms)
				RefreshPlugins (1ms)
				BeforeProcessingInitializeOnLoad (97ms)
				ProcessInitializeOnLoadAttributes (279ms)
				ProcessInitializeOnLoadMethodAttributes (49ms)
				AfterProcessingInitializeOnLoad (13ms)
				EditorAssembliesLoaded (0ms)
			ExecutionOrderSort2 (0ms)
			AwakeInstancesAfterBackupRestoration (13ms)
Platform modules already initialized, skipping
Refreshing native plugins compatible for Editor in 3.83 ms, found 4 plugins.
Preloading 0 native plugins for Editor in 0.00 ms.
Unloading 4210 Unused Serialized files (Serialized files now loaded: 0)
Unloading 32 unused Assets / (263.9 KB). Loaded Objects now: 4825.
Memory consumption went from 173.4 MB to 173.2 MB.
Total: 5.882400 ms (FindLiveObjects: 0.403900 ms CreateObjectMapping: 0.339700 ms MarkObjects: 4.898000 ms  DeleteObjects: 0.239800 ms)

AssetImportParameters requested are different than current active one (requested -> active):
  custom:video-decoder-ogg-theora: a1e56fd34408186e4bbccfd4996cb3dc -> 
  custom:container-muxer-webm: aa71ff27fc2769a1b78a27578f13a17b -> 
  custom:container-demuxer-webm: 4f35f7cbe854078d1ac9338744f61a02 -> 
  custom:video-encoder-webm-vp8: eb34c28f22e8b96e1ab97ce403110664 -> 
  custom:video-codec-MediaFoundation-h265: 746d11721c4dcdbdad8f713fa42b33f4 -> 
  custom:audio-encoder-webm-vorbis: bf7c407c2cedff20999df2af8eb42d56 -> 
  custom:framework-win-MediaFoundation: 216162199b28c13a410421893ffa2e32 -> 
  custom:container-demuxer-ogg: 62fdf1f143b41e24485cea50d1cbac27 -> 
  custom:video-decoder-webm-vp8: 9c59270c3fd7afecdb556c50c9e8de78 -> 
  custom:audio-decoder-ogg-vorbis: bf7c407c2cedff20999df2af8eb42d56 -> 
========================================================================
Received Prepare
Registering precompiled user dll's ...
Registered in 0.013121 seconds.
Begin MonoManager ReloadAssembly
Symbol file LoadedFromMemory doesn't match image C:\Users\migue\HA2_clone\Heli-Attack-2-Clone\Library\PackageCache\com.unity.visualscripting@1.7.6\Editor\VisualScripting.Core\Dependencies\YamlDotNet\Unity.VisualScripting.YamlDotNet.dll
Symbol file LoadedFromMemory doesn't match image C:\Users\migue\HA2_clone\Heli-Attack-2-Clone\Library\PackageCache\com.unity.visualscripting@1.7.6\Editor\VisualScripting.Core\Dependencies\DotNetZip\Unity.VisualScripting.IonicZip.dll
Native extension for WindowsStandalone target not found
Native extension for WebGL target not found
Refreshing native plugins compatible for Editor in 0.70 ms, found 4 plugins.
Preloading 0 native plugins for Editor in 0.00 ms.
Mono: successfully reloaded assembly
- Completed reload, in  1.226 seconds
Domain Reload Profiling:
	ReloadAssembly (1226ms)
		BeginReloadAssembly (134ms)
			ExecutionOrderSort (0ms)
			DisableScriptedObjects (6ms)
			BackupInstance (0ms)
			ReleaseScriptingObjects (0ms)
			CreateAndSetChildDomain (33ms)
		EndReloadAssembly (978ms)
			LoadAssemblies (98ms)
			RebuildTransferFunctionScriptingTraits (0ms)
			SetupTypeCache (289ms)
			ReleaseScriptCaches (1ms)
			RebuildScriptCaches (58ms)
			SetupLoadedEditorAssemblies (473ms)
				LogAssemblyErrors (0ms)
				InitializePlatformSupportModulesInManaged (17ms)
				SetLoadedEditorAssemblies (0ms)
				RefreshPlugins (1ms)
				BeforeProcessingInitializeOnLoad (111ms)
				ProcessInitializeOnLoadAttributes (280ms)
				ProcessInitializeOnLoadMethodAttributes (50ms)
				AfterProcessingInitializeOnLoad (13ms)
				EditorAssembliesLoaded (0ms)
			ExecutionOrderSort2 (0ms)
			AwakeInstancesAfterBackupRestoration (10ms)
Platform modules already initialized, skipping
Refreshing native plugins compatible for Editor in 3.20 ms, found 4 plugins.
Preloading 0 native plugins for Editor in 0.00 ms.
Unloading 4210 Unused Serialized files (Serialized files now loaded: 0)
Unloading 32 unused Assets / (263.9 KB). Loaded Objects now: 4840.
Memory consumption went from 173.4 MB to 173.2 MB.
Total: 3.955000 ms (FindLiveObjects: 0.330300 ms CreateObjectMapping: 0.248600 ms MarkObjects: 3.162400 ms  DeleteObjects: 0.212700 ms)

AssetImportParameters requested are different than current active one (requested -> active):
  custom:video-decoder-ogg-theora: a1e56fd34408186e4bbccfd4996cb3dc -> 
  custom:container-muxer-webm: aa71ff27fc2769a1b78a27578f13a17b -> 
  custom:container-demuxer-webm: 4f35f7cbe854078d1ac9338744f61a02 -> 
  custom:video-encoder-webm-vp8: eb34c28f22e8b96e1ab97ce403110664 -> 
  custom:video-codec-MediaFoundation-h265: 746d11721c4dcdbdad8f713fa42b33f4 -> 
  custom:audio-encoder-webm-vorbis: bf7c407c2cedff20999df2af8eb42d56 -> 
  custom:framework-win-MediaFoundation: 216162199b28c13a410421893ffa2e32 -> 
  custom:container-demuxer-ogg: 62fdf1f143b41e24485cea50d1cbac27 -> 
  custom:video-decoder-webm-vp8: 9c59270c3fd7afecdb556c50c9e8de78 -> 
  custom:audio-decoder-ogg-vorbis: bf7c407c2cedff20999df2af8eb42d56 -> 
========================================================================
Received Import Request.
  Time since last request: 224.778779 seconds.
  path: Assets/Sprites/RocketLauncherBox.png
  artifactKey: Guid(d0b272d9c4199e743a4dcfea20b02e1f) Importer(815301076,1909f56bfc062723c751e8b465ee728b)
Start importing Assets/Sprites/RocketLauncherBox.png using Guid(d0b272d9c4199e743a4dcfea20b02e1f) Importer(815301076,1909f56bfc062723c751e8b465ee728b)  -> (artifact id: '55d6e9e294f473f090d6c2e773dfb10a') in 0.066370 seconds 
========================================================================
Received Import Request.
  Time since last request: 5.433639 seconds.
  path: Assets/Sprites/DefaultGun.png
  artifactKey: Guid(3290ce0e0529bdd458751b6955cb9248) Importer(815301076,1909f56bfc062723c751e8b465ee728b)
Start importing Assets/Sprites/DefaultGun.png using Guid(3290ce0e0529bdd458751b6955cb9248) Importer(815301076,1909f56bfc062723c751e8b465ee728b)  -> (artifact id: 'bf372aaf2b80c77457c0ded191bd2baf') in 0.014723 seconds 
========================================================================
Received Import Request.
  Time since last request: 4.701968 seconds.
  path: Assets/Sprites/DefaultBullet.png
  artifactKey: Guid(adcd75e95f107c34490fe2fae5b2ddb7) Importer(815301076,1909f56bfc062723c751e8b465ee728b)
Start importing Assets/Sprites/DefaultBullet.png using Guid(adcd75e95f107c34490fe2fae5b2ddb7) Importer(815301076,1909f56bfc062723c751e8b465ee728b)  -> (artifact id: 'e0c9713f6c25111808468a3fac7fa973') in 0.013656 seconds 
========================================================================
Received Import Request.
  Time since last request: 18.101838 seconds.
  path: Assets/Sprites/DefaultBullet 1.png
  artifactKey: Guid(11d8c2785417a5440a078cfa9e0c2595) Importer(815301076,1909f56bfc062723c751e8b465ee728b)
Start importing Assets/Sprites/DefaultBullet 1.png using Guid(11d8c2785417a5440a078cfa9e0c2595) Importer(815301076,1909f56bfc062723c751e8b465ee728b)  -> (artifact id: '1acd263412d65c72228c0bd72d302e57') in 0.013631 seconds 
========================================================================
Received Import Request.
  Time since last request: 6.063741 seconds.
  path: Assets/Sprites/RifleProjectile.png
  artifactKey: Guid(11d8c2785417a5440a078cfa9e0c2595) Importer(815301076,1909f56bfc062723c751e8b465ee728b)
Start importing Assets/Sprites/RifleProjectile.png using Guid(11d8c2785417a5440a078cfa9e0c2595) Importer(815301076,1909f56bfc062723c751e8b465ee728b)  -> (artifact id: '37a955ce5c5ff61927baa2ce1b4fdd23') in 0.010092 seconds 
========================================================================
Received Import Request.
  Time since last request: 5.036098 seconds.
  path: Assets/Sprites/RocketLauncherBullet.png
  artifactKey: Guid(12d42b68a28c0aa41bc5ef389cb8a5c0) Importer(815301076,1909f56bfc062723c751e8b465ee728b)
Start importing Assets/Sprites/RocketLauncherBullet.png using Guid(12d42b68a28c0aa41bc5ef389cb8a5c0) Importer(815301076,1909f56bfc062723c751e8b465ee728b)  -> (artifact id: '35d854a1a163800cc30d1a309f160786') in 0.013001 seconds 
========================================================================
Received Import Request.
  Time since last request: 3.879645 seconds.
  path: Assets/Sprites/RocketLauncherGun.png
  artifactKey: Guid(16548b770de51b94c8f08bf4ca1b18f4) Importer(815301076,1909f56bfc062723c751e8b465ee728b)
Start importing Assets/Sprites/RocketLauncherGun.png using Guid(16548b770de51b94c8f08bf4ca1b18f4) Importer(815301076,1909f56bfc062723c751e8b465ee728b)  -> (artifact id: 'b44aecc2833cd639e4efb442541f08b6') in 0.015043 seconds 
========================================================================
Received Import Request.
  Time since last request: 4.484297 seconds.
  path: Assets/Sprites/Soldier.png
  artifactKey: Guid(7c90a3891792f0c4fac32f264bd56ce5) Importer(815301076,1909f56bfc062723c751e8b465ee728b)
Start importing Assets/Sprites/Soldier.png using Guid(7c90a3891792f0c4fac32f264bd56ce5) Importer(815301076,1909f56bfc062723c751e8b465ee728b)  -> (artifact id: '4716c1526f5b9bb6f375c49c0e50afc9') in 0.042841 seconds 
========================================================================
Received Import Request.
  Time since last request: 13.002884 seconds.
  path: Assets/Sprites/RocketLauncher.png
  artifactKey: Guid(16548b770de51b94c8f08bf4ca1b18f4) Importer(815301076,1909f56bfc062723c751e8b465ee728b)
Start importing Assets/Sprites/RocketLauncher.png using Guid(16548b770de51b94c8f08bf4ca1b18f4) Importer(815301076,1909f56bfc062723c751e8b465ee728b)  -> (artifact id: '198e8bf0f05f331019cf0579d71976ef') in 0.010300 seconds 
========================================================================
Received Import Request.
  Time since last request: 6.217010 seconds.
  path: Assets/Sprites/Rifle.png
  artifactKey: Guid(8472010f184761549a34d844dd9479fe) Importer(815301076,1909f56bfc062723c751e8b465ee728b)
Start importing Assets/Sprites/Rifle.png using Guid(8472010f184761549a34d844dd9479fe) Importer(815301076,1909f56bfc062723c751e8b465ee728b)  -> (artifact id: '31beff4f7ac9c012577804bf75f54a79') in 0.009743 seconds 
========================================================================
Received Import Request.
  Time since last request: 22.585070 seconds.
  path: Assets/Sprites/RocketLauncherCrate.png
  artifactKey: Guid(d0b272d9c4199e743a4dcfea20b02e1f) Importer(815301076,1909f56bfc062723c751e8b465ee728b)
Start importing Assets/Sprites/RocketLauncherCrate.png using Guid(d0b272d9c4199e743a4dcfea20b02e1f) Importer(815301076,1909f56bfc062723c751e8b465ee728b)  -> (artifact id: '8bb3ea2ce0488730f5fd63ca5b143889') in 0.011326 seconds 
========================================================================
Received Import Request.
  Time since last request: 20.298714 seconds.
  path: Assets/Prefabs/RocketLauncherCrate.prefab
  artifactKey: Guid(d43604c4e3467994a84ba0cf8da3b035) Importer(815301076,1909f56bfc062723c751e8b465ee728b)
Start importing Assets/Prefabs/RocketLauncherCrate.prefab using Guid(d43604c4e3467994a84ba0cf8da3b035) Importer(815301076,1909f56bfc062723c751e8b465ee728b)  -> (artifact id: '425a9af06bb77e3252c483ba2be83c32') in 0.030751 seconds 
========================================================================
Received Import Request.
  Time since last request: 0.354368 seconds.
  path: Assets/Prefabs/RocketLauncherProjectile.prefab
  artifactKey: Guid(7620ee5fa414f124da9126715053990c) Importer(815301076,1909f56bfc062723c751e8b465ee728b)
Start importing Assets/Prefabs/RocketLauncherProjectile.prefab using Guid(7620ee5fa414f124da9126715053990c) Importer(815301076,1909f56bfc062723c751e8b465ee728b)  -> (artifact id: '1b8faa0b40eb574f65d04113ac26c446') in 0.013670 seconds 
========================================================================
Received Import Request.
  Time since last request: 20.274672 seconds.
  path: Assets/Prefabs/Rifle.prefab
  artifactKey: Guid(bbfa8272c1a99ae4f9c190ed24f507a9) Importer(815301076,1909f56bfc062723c751e8b465ee728b)
Start importing Assets/Prefabs/Rifle.prefab using Guid(bbfa8272c1a99ae4f9c190ed24f507a9) Importer(815301076,1909f56bfc062723c751e8b465ee728b)  -> (artifact id: '32e248f66ab7244c5b054587ec66655c') in 0.013578 seconds 
========================================================================
Received Import Request.
  Time since last request: 17.931353 seconds.
  path: Assets/Prefabs/Gun.prefab
  artifactKey: Guid(f7256efd5ab44584da0e4e2aa1f8af0f) Importer(815301076,1909f56bfc062723c751e8b465ee728b)
Start importing Assets/Prefabs/Gun.prefab using Guid(f7256efd5ab44584da0e4e2aa1f8af0f) Importer(815301076,1909f56bfc062723c751e8b465ee728b)  -> (artifact id: '91ebd6e9259dd9e0023e9fe6d836efb2') in 0.013832 seconds 
========================================================================
Received Import Request.
  Time since last request: 2.127010 seconds.
  path: Assets/Prefabs/Projectile.prefab
  artifactKey: Guid(4965d607913209248a64dff351753ff2) Importer(815301076,1909f56bfc062723c751e8b465ee728b)
Start importing Assets/Prefabs/Projectile.prefab using Guid(4965d607913209248a64dff351753ff2) Importer(815301076,1909f56bfc062723c751e8b465ee728b)  -> (artifact id: '946f5969405b71945276d97311b56e55') in 0.009925 seconds 
========================================================================
Received Import Request.
  Time since last request: 0.402570 seconds.
  path: Assets/Prefabs/Crate.prefab
  artifactKey: Guid(aac2053769ccd4b449cc54d234398a02) Importer(815301076,1909f56bfc062723c751e8b465ee728b)
Start importing Assets/Prefabs/Crate.prefab using Guid(aac2053769ccd4b449cc54d234398a02) Importer(815301076,1909f56bfc062723c751e8b465ee728b)  -> (artifact id: '5dfff8ea4a73505062fe6399b163133f') in 0.010174 seconds 
========================================================================
Received Import Request.
  Time since last request: 9.918531 seconds.
  path: Assets/Prefabs/Crate.prefab
  artifactKey: Guid(aac2053769ccd4b449cc54d234398a02) Importer(815301076,1909f56bfc062723c751e8b465ee728b)
Start importing Assets/Prefabs/Crate.prefab using Guid(aac2053769ccd4b449cc54d234398a02) Importer(815301076,1909f56bfc062723c751e8b465ee728b)  -> (artifact id: '93e8bc9ec349c03be60cdf0e03f26e71') in 0.009953 seconds 
========================================================================
Received Prepare
Registering precompiled user dll's ...
Registered in 0.008990 seconds.
Begin MonoManager ReloadAssembly
Symbol file LoadedFromMemory doesn't match image C:\Users\migue\HA2_clone\Heli-Attack-2-Clone\Library\PackageCache\com.unity.visualscripting@1.7.6\Editor\VisualScripting.Core\Dependencies\YamlDotNet\Unity.VisualScripting.YamlDotNet.dll
Symbol file LoadedFromMemory doesn't match image C:\Users\migue\HA2_clone\Heli-Attack-2-Clone\Library\PackageCache\com.unity.visualscripting@1.7.6\Editor\VisualScripting.Core\Dependencies\DotNetZip\Unity.VisualScripting.IonicZip.dll
Native extension for WindowsStandalone target not found
Native extension for WebGL target not found
Refreshing native plugins compatible for Editor in 0.66 ms, found 4 plugins.
Preloading 0 native plugins for Editor in 0.00 ms.
Mono: successfully reloaded assembly
- Completed reload, in  1.126 seconds
Domain Reload Profiling:
	ReloadAssembly (1126ms)
		BeginReloadAssembly (159ms)
			ExecutionOrderSort (0ms)
			DisableScriptedObjects (8ms)
			BackupInstance (0ms)
			ReleaseScriptingObjects (0ms)
			CreateAndSetChildDomain (33ms)
		EndReloadAssembly (854ms)
			LoadAssemblies (119ms)
			RebuildTransferFunctionScriptingTraits (0ms)
			SetupTypeCache (249ms)
			ReleaseScriptCaches (1ms)
			RebuildScriptCaches (53ms)
			SetupLoadedEditorAssemblies (409ms)
				LogAssemblyErrors (0ms)
				InitializePlatformSupportModulesInManaged (15ms)
				SetLoadedEditorAssemblies (1ms)
				RefreshPlugins (1ms)
				BeforeProcessingInitializeOnLoad (86ms)
				ProcessInitializeOnLoadAttributes (256ms)
				ProcessInitializeOnLoadMethodAttributes (39ms)
				AfterProcessingInitializeOnLoad (11ms)
				EditorAssembliesLoaded (0ms)
			ExecutionOrderSort2 (0ms)
			AwakeInstancesAfterBackupRestoration (9ms)
Platform modules already initialized, skipping
Refreshing native plugins compatible for Editor in 2.84 ms, found 4 plugins.
Preloading 0 native plugins for Editor in 0.00 ms.
Unloading 4210 Unused Serialized files (Serialized files now loaded: 0)
Unloading 34 unused Assets / (266.2 KB). Loaded Objects now: 4870.
Memory consumption went from 173.5 MB to 173.2 MB.
Total: 3.081300 ms (FindLiveObjects: 0.275200 ms CreateObjectMapping: 0.176200 ms MarkObjects: 2.442500 ms  DeleteObjects: 0.186500 ms)

AssetImportParameters requested are different than current active one (requested -> active):
  custom:video-decoder-ogg-theora: a1e56fd34408186e4bbccfd4996cb3dc -> 
  custom:container-muxer-webm: aa71ff27fc2769a1b78a27578f13a17b -> 
  custom:container-demuxer-webm: 4f35f7cbe854078d1ac9338744f61a02 -> 
  custom:video-encoder-webm-vp8: eb34c28f22e8b96e1ab97ce403110664 -> 
  custom:video-codec-MediaFoundation-h265: 746d11721c4dcdbdad8f713fa42b33f4 -> 
  custom:audio-encoder-webm-vorbis: bf7c407c2cedff20999df2af8eb42d56 -> 
  custom:framework-win-MediaFoundation: 216162199b28c13a410421893ffa2e32 -> 
  custom:container-demuxer-ogg: 62fdf1f143b41e24485cea50d1cbac27 -> 
  custom:video-decoder-webm-vp8: 9c59270c3fd7afecdb556c50c9e8de78 -> 
  custom:audio-decoder-ogg-vorbis: bf7c407c2cedff20999df2af8eb42d56 -> 
